[2025-12-06T19:12:21.812+0000] {local_task_job_runner.py:120} INFO - ::group::Pre task execution logs
[2025-12-06T19:12:21.828+0000] {taskinstance.py:2076} INFO - Dependencies all met for dep_context=non-requeueable deps ti=<TaskInstance: nyc_taxi_data_pipeline.ingest_data manual__2025-12-06T19:12:12.489679+00:00 [queued]>
[2025-12-06T19:12:21.834+0000] {taskinstance.py:2076} INFO - Dependencies all met for dep_context=requeueable deps ti=<TaskInstance: nyc_taxi_data_pipeline.ingest_data manual__2025-12-06T19:12:12.489679+00:00 [queued]>
[2025-12-06T19:12:21.835+0000] {taskinstance.py:2306} INFO - Starting attempt 1 of 1
[2025-12-06T19:12:21.845+0000] {taskinstance.py:2330} INFO - Executing <Task(BashOperator): ingest_data> on 2025-12-06 19:12:12.489679+00:00
[2025-12-06T19:12:21.849+0000] {standard_task_runner.py:63} INFO - Started process 814 to run task
[2025-12-06T19:12:21.851+0000] {standard_task_runner.py:90} INFO - Running: ['airflow', 'tasks', 'run', 'nyc_taxi_data_pipeline', 'ingest_data', 'manual__2025-12-06T19:12:12.489679+00:00', '--job-id', '4', '--raw', '--subdir', 'DAGS_FOLDER/nyc_taxi_pipeline.py', '--cfg-path', '/tmp/tmptem2ppfa']
[2025-12-06T19:12:21.852+0000] {standard_task_runner.py:91} INFO - Job 4: Subtask ingest_data
[2025-12-06T19:12:21.902+0000] {task_command.py:426} INFO - Running <TaskInstance: nyc_taxi_data_pipeline.ingest_data manual__2025-12-06T19:12:12.489679+00:00 [running]> on host 07031a21410a
[2025-12-06T19:12:21.950+0000] {taskinstance.py:2648} INFO - Exporting env vars: AIRFLOW_CTX_DAG_OWNER='airflow' AIRFLOW_CTX_DAG_ID='nyc_taxi_data_pipeline' AIRFLOW_CTX_TASK_ID='ingest_data' AIRFLOW_CTX_EXECUTION_DATE='2025-12-06T19:12:12.489679+00:00' AIRFLOW_CTX_TRY_NUMBER='1' AIRFLOW_CTX_DAG_RUN_ID='manual__2025-12-06T19:12:12.489679+00:00'
[2025-12-06T19:12:21.951+0000] {taskinstance.py:430} INFO - ::endgroup::
[2025-12-06T19:12:21.963+0000] {subprocess.py:63} INFO - Tmp dir root location: /tmp
[2025-12-06T19:12:21.964+0000] {subprocess.py:75} INFO - Running command: ['/usr/bin/bash', '-c', 'python /opt/airflow/scripts/ingestor.py --year 2025 --month 12']
[2025-12-06T19:12:21.970+0000] {subprocess.py:86} INFO - Output:
[2025-12-06T19:12:22.709+0000] {subprocess.py:93} INFO - 2025-12-06 19:12:22,708 - Ingestor_NYC_Taxi - INFO - Bucket 'ingestion-data-lake' já existe.
[2025-12-06T19:12:22.709+0000] {subprocess.py:93} INFO - 2025-12-06 19:12:22,709 - Ingestor_NYC_Taxi - INFO - Iniciando download de: https://d37ci6vzurychx.cloudfront.net/trip-data/yellow_tripdata_2025-12.parquet
[2025-12-06T19:12:23.658+0000] {subprocess.py:93} INFO - 2025-12-06 19:12:23,658 - Ingestor_NYC_Taxi - ERROR - Erro de conexão ao baixar arquivo: 403 Client Error: Forbidden for url: https://d37ci6vzurychx.cloudfront.net/trip-data/yellow_tripdata_2025-12.parquet
[2025-12-06T19:12:23.660+0000] {subprocess.py:93} INFO - Traceback (most recent call last):
[2025-12-06T19:12:23.661+0000] {subprocess.py:93} INFO -   File "/opt/airflow/scripts/ingestor.py", line 112, in <module>
[2025-12-06T19:12:23.665+0000] {subprocess.py:93} INFO -     ingestor.run(year=args.year, month=args.month)
[2025-12-06T19:12:23.666+0000] {subprocess.py:93} INFO -   File "/opt/airflow/scripts/ingestor.py", line 93, in run
[2025-12-06T19:12:23.670+0000] {subprocess.py:93} INFO -     self.download_and_upload(trip_url, trip_s3_path)
[2025-12-06T19:12:23.672+0000] {subprocess.py:93} INFO -   File "/opt/airflow/scripts/ingestor.py", line 66, in download_and_upload
[2025-12-06T19:12:23.676+0000] {subprocess.py:93} INFO -     response.raise_for_status() # Lança erro se a URL estiver quebrada (404, 500)
[2025-12-06T19:12:23.677+0000] {subprocess.py:93} INFO -     ^^^^^^^^^^^^^^^^^^^^^^^^^^^
[2025-12-06T19:12:23.678+0000] {subprocess.py:93} INFO -   File "/home/airflow/.local/lib/python3.12/site-packages/requests/models.py", line 1021, in raise_for_status
[2025-12-06T19:12:23.678+0000] {subprocess.py:93} INFO -     raise HTTPError(http_error_msg, response=self)
[2025-12-06T19:12:23.679+0000] {subprocess.py:93} INFO - requests.exceptions.HTTPError: 403 Client Error: Forbidden for url: https://d37ci6vzurychx.cloudfront.net/trip-data/yellow_tripdata_2025-12.parquet
[2025-12-06T19:12:23.762+0000] {subprocess.py:97} INFO - Command exited with return code 1
[2025-12-06T19:12:23.763+0000] {taskinstance.py:441} INFO - ::group::Post task execution logs
[2025-12-06T19:12:23.767+0000] {taskinstance.py:2905} ERROR - Task failed with exception
Traceback (most recent call last):
  File "/home/airflow/.local/lib/python3.12/site-packages/airflow/models/taskinstance.py", line 465, in _execute_task
    result = _execute_callable(context=context, **execute_callable_kwargs)
             ^^^^^^^^^^^^^^^^^^^^^^^^^^^^^^^^^^^^^^^^^^^^^^^^^^^^^^^^^^^^^
  File "/home/airflow/.local/lib/python3.12/site-packages/airflow/models/taskinstance.py", line 432, in _execute_callable
    return execute_callable(context=context, **execute_callable_kwargs)
           ^^^^^^^^^^^^^^^^^^^^^^^^^^^^^^^^^^^^^^^^^^^^^^^^^^^^^^^^^^^^
  File "/home/airflow/.local/lib/python3.12/site-packages/airflow/models/baseoperator.py", line 400, in wrapper
    return func(self, *args, **kwargs)
           ^^^^^^^^^^^^^^^^^^^^^^^^^^^
  File "/home/airflow/.local/lib/python3.12/site-packages/airflow/operators/bash.py", line 243, in execute
    raise AirflowException(
airflow.exceptions.AirflowException: Bash command failed. The command returned a non-zero exit code 1.
[2025-12-06T19:12:23.771+0000] {taskinstance.py:1206} INFO - Marking task as FAILED. dag_id=nyc_taxi_data_pipeline, task_id=ingest_data, run_id=manual__2025-12-06T19:12:12.489679+00:00, execution_date=20251206T191212, start_date=20251206T191221, end_date=20251206T191223
[2025-12-06T19:12:23.781+0000] {standard_task_runner.py:110} ERROR - Failed to execute job 4 for task ingest_data (Bash command failed. The command returned a non-zero exit code 1.; 814)
[2025-12-06T19:12:23.789+0000] {local_task_job_runner.py:240} INFO - Task exited with return code 1
[2025-12-06T19:12:23.805+0000] {taskinstance.py:3498} INFO - 0 downstream tasks scheduled from follow-on schedule check
[2025-12-06T19:12:23.812+0000] {local_task_job_runner.py:222} INFO - ::endgroup::
